+ mkdir ../randH2O-out
+ mpirun -np 28 pw.x -i ../randH2O/0.in
application called MPI_Abort(MPI_COMM_WORLD, 1) - process 20
+ mpirun -np 28 pw.x -i ../randH2O/1.in
srun: Job step creation temporarily disabled, retrying
srun: Job step created
application called MPI_Abort(MPI_COMM_WORLD, 1) - process 2
+ mpirun -np 28 pw.x -i ../randH2O/2.in
srun: Job step creation temporarily disabled, retrying
srun: Job step created
application called MPI_Abort(MPI_COMM_WORLD, 1) - process 3
application called MPI_Abort(MPI_COMM_WORLD, 1) - process 4
+ mpirun -np 28 pw.x -i ../randH2O/3.in
srun: Job step creation temporarily disabled, retrying
srun: Job step created
application called MPI_Abort(MPI_COMM_WORLD, 1) - process 6
+ mpirun -np 28 pw.x -i ../randH2O/4.in
srun: Job step creation temporarily disabled, retrying
srun: Job step created
application called MPI_Abort(MPI_COMM_WORLD, 1) - process 6
